<?xml version="1.0" encoding="UTF-8"?>
<testng-results ignored="0" total="1" passed="1" failed="0" skipped="0">
  <reporter-output>
  </reporter-output>
  <suite started-at="2024-01-24T20:30:25 CST" name="variousConcepts.CrmTest" finished-at="2024-01-24T20:30:28 CST" duration-ms="2779">
    <groups>
    </groups>
    <test started-at="2024-01-24T20:30:25 CST" name="Command line test" finished-at="2024-01-24T20:30:28 CST" duration-ms="2779">
      <class name="variousConcepts.CrmTest">
        <test-method is-config="true" signature="init()[pri:0, instance:variousConcepts.CrmTest@5542c4ed]" started-at="2024-01-24T20:30:25 CST" name="init" finished-at="2024-01-24T20:30:28 CST" duration-ms="2727" status="PASS">
          <reporter-output>
          </reporter-output>
        </test-method> <!-- init -->
        <test-method signature="testLogin()[pri:0, instance:variousConcepts.CrmTest@5542c4ed]" started-at="2024-01-24T20:30:28 CST" name="testLogin" finished-at="2024-01-24T20:30:28 CST" duration-ms="1" status="PASS">
          <reporter-output>
          </reporter-output>
        </test-method> <!-- testLogin -->
      </class> <!-- variousConcepts.CrmTest -->
    </test> <!-- Command line test -->
  </suite> <!-- variousConcepts.CrmTest -->
</testng-results>
